#-----------------------------------------------------------
# Vivado v2018.2 (64-bit)
# SW Build 2258646 on Thu Jun 14 20:02:38 MDT 2018
# IP Build 2256618 on Thu Jun 14 22:10:49 MDT 2018
# Start of session at: Tue May 21 20:12:01 2019
# Process ID: 11786
# Current directory: /home/saverio/Scrivania/tesi/script/bram
# Command line: vivado -mode tcl
# Log file: /home/saverio/Scrivania/tesi/script/bram/vivado.log
# Journal file: /home/saverio/Scrivania/tesi/script/bram/vivado.jou
#-----------------------------------------------------------
data2mem -bm /home/saverio/Scrivania/tesi/script/bram/bram.bmm -bd /home/saverio/Scrivania/tesi/script/bram/test.mem -bt /home/saverio/Scrivania/codice_tesi/gestore_checkpoint/gestore_checkpoint.runs/impl_1/gestore_checkpoint.bit -o b /home/saverio/checkpoint.bit
WARNING: [Common 17-259] Unknown Tcl command 'data2mem -bm /home/saverio/Scrivania/tesi/script/bram/bram.bmm -bd /home/saverio/Scrivania/tesi/script/bram/test.mem -bt /home/saverio/Scrivania/codice_tesi/gestore_checkpoint/gestore_checkpoint.runs/impl_1/gestore_checkpoint.bit -o b /home/saverio/checkpoint.bit' sending command to the OS shell for execution. It is recommended to use 'exec' to send the command to the OS shell.
data2mem -bm /home/saverio/Scrivania/tesi/script/bram/bram.bmm -bd /home/saverio/Scrivania/tesi/script/bram/test.mem -bt /home/saverio/Scrivania/codice_tesi/gestore_checkpoint/gestore_checkpoint.runs/impl_1/gestore_checkpoint.bit -o b /home/saverio/checkpoint.bit
WARNING: [Common 17-259] Unknown Tcl command 'data2mem -bm /home/saverio/Scrivania/tesi/script/bram/bram.bmm -bd /home/saverio/Scrivania/tesi/script/bram/test.mem -bt /home/saverio/Scrivania/codice_tesi/gestore_checkpoint/gestore_checkpoint.runs/impl_1/gestore_checkpoint.bit -o b /home/saverio/checkpoint.bit' sending command to the OS shell for execution. It is recommended to use 'exec' to send the command to the OS shell.
data2mem -bm /home/saverio/Scrivania/tesi/script/bram/bram.bmm -bd /home/saverio/Scrivania/tesi/script/bram/test.mem -bt /home/saverio/Scrivania/codice_tesi/gestore_checkpoint/gestore_checkpoint.runs/impl_1/gestore_checkpoint.bit -o b /home/saverio/checkpoint.bit
WARNING: [Common 17-259] Unknown Tcl command 'data2mem -bm /home/saverio/Scrivania/tesi/script/bram/bram.bmm -bd /home/saverio/Scrivania/tesi/script/bram/test.mem -bt /home/saverio/Scrivania/codice_tesi/gestore_checkpoint/gestore_checkpoint.runs/impl_1/gestore_checkpoint.bit -o b /home/saverio/checkpoint.bit' sending command to the OS shell for execution. It is recommended to use 'exec' to send the command to the OS shell.
data2mem -bm /home/saverio/Scrivania/tesi/script/bram/bram.bmm -bd /home/saverio/Scrivania/tesi/script/bram/test.mem -bt /home/saverio/Scrivania/codice_tesi/gestore_checkpoint/gestore_checkpoint.runs/impl_1/gestore_checkpoint.bit -o b /home/saverio/checkpoint.bit
WARNING: [Common 17-259] Unknown Tcl command 'data2mem -bm /home/saverio/Scrivania/tesi/script/bram/bram.bmm -bd /home/saverio/Scrivania/tesi/script/bram/test.mem -bt /home/saverio/Scrivania/codice_tesi/gestore_checkpoint/gestore_checkpoint.runs/impl_1/gestore_checkpoint.bit -o b /home/saverio/checkpoint.bit' sending command to the OS shell for execution. It is recommended to use 'exec' to send the command to the OS shell.
data2mem -bm /home/saverio/Scrivania/tesi/script/bram/bram.bmm -bd /home/saverio/Scrivania/tesi/script/bram/test.mem -bt /home/saverio/Scrivania/codice_tesi/gestore_checkpoint/gestore_checkpoint.runs/impl_1/gestore_checkpoint.bit -o b /home/saverio/checkpoint.bit
WARNING: [Common 17-259] Unknown Tcl command 'data2mem -bm /home/saverio/Scrivania/tesi/script/bram/bram.bmm -bd /home/saverio/Scrivania/tesi/script/bram/test.mem -bt /home/saverio/Scrivania/codice_tesi/gestore_checkpoint/gestore_checkpoint.runs/impl_1/gestore_checkpoint.bit -o b /home/saverio/checkpoint.bit' sending command to the OS shell for execution. It is recommended to use 'exec' to send the command to the OS shell.
source /home/saverio/Scrivania/tesi/script/trovare_indirizzi_in_ll.tcl 
# proc swap_half_word {data} { 
# 	set new_data ""
# 	for {set x 0} {$x<[string length $data]} {incr x 2} {
# 		append new_data [string range $data  $x+1 $x+1]
# 		append new_data [string range $data  $x $x]
# 	}
# 	return $new_data
# }
# proc searchinfile {filename component} {
# 	set mydict [dict create] 
# 	#uso dizionario perchè ad ogni frame (chiave) do più valori
# 	puts $component
# 	set file [open $filename]
# 	while {[gets $file line] != -1} {
# 	    if {[regexp "$component" $line all value]} {
# 	        
# 	        set line [string map {" " ""} $line]
# 	        #puts $line
# 	        set pos [string first 0x $line] 
# 	        set frame "0"
# 	        append frame [string range $line $pos+2 $pos+9] 
# 	        # prendo il frame
# 	        set offset ""
# 	        set i 10
# 	        set check_number [string range $line $pos+$i $pos+$i]
# 	        #questo while mi serve per prendere i valori di offset dopo il frame, perchè dopo offset ho carattere
# 	        while {[string is integer $check_number]} { 
# 	        	set i [expr {$i + 1}]
# 	        	#puts $check_number
# 	        	append offset $check_number
# 	        	set check_number [string range $line $pos+$i $pos+$i]
# 	        }
# 	        append offset " "
# 	        #puts $offset
# 	        dict append mydict $frame $offset 
# 	    }
# 	} 
# 	#puts [dict get $mydict $frame]
# 	set bram ""
# 	#per ogni frame calcolo salto degli offset
# 	foreach frame [dict keys $mydict]  { 
# 		append bram $frame
# 		#append bram "\n"
# 		#append bram " "
# 		append bram 00000000
# 		#append bram " "
# 		set i 0
# 		set frame_da_saltare -1
# 		set stessa_word 0
# 		# per ogni offset vedo quanti salti ci sono
# 		foreach offset [dict get $mydict $frame] { 
# 			while {$i<$offset} {
# 				if {$stessa_word ==1} {
# 					set stessa_word 0
# 					#append bram "word"
# 					append bram [format %08X $word]
# 				}
# 				#al massimo saltiamo 15 frame
# 				if {$frame_da_saltare<15} {
# 					set i [expr {$i + 32}]
# 					set frame_da_saltare [expr {$frame_da_saltare + 1}]
# 					#puts "qui $frame_da_saltare"
# 
# 				} else {
# 					#append bram " salto"
# 					append bram [format %X $frame_da_saltare] 
# 					#append bram " "
# 					append bram 00000000 
# 					#append bram " "
# 					set frame_da_saltare -1
# 				}
# 			}
# 			#questo if mi serve per capire se all' interno di una maschera devo mettere più uno
# 			#poichè può darsi che due offset siano nella stessa word
# 			if {$stessa_word ==0} {
# 				#append bram " salto"
# 				append bram [format %X $frame_da_saltare] 
# 				#append bram " "
# 				set frame_da_saltare -1
# 				#append bram "word"
# 				set word [expr 1 << [expr $offset % 32]]
# 				#puts "word $word"
# 				#append bram [format %X [expr $offset % 32]]
# 				#puts [format %x [expr $offset % 32]]
# 				#append bram " "
# 				set stessa_word 1
# 			} else {
# 				
# 				set sec_word [expr 1 << [expr $offset % 32]]
# 				#puts $sec_word
# 				#puts "seconda word $sec_word" 
# 				set word [expr $word | $sec_word] 
# 				#questa or mi permette di mettere più offset nella stessa maschera
# 				#puts $word
# 				#append bram [format %X [expr $offset % 32]]
# 				#append bram " "
# 			}
# 			
# 
# 			
# 		}
# 		#puts $i
# 		#puts "f_s $frame_da_saltare"
# 		#riempio di salti e zero fino a che non riempio il frame
# 		while {$i<3232} {
# 				
# 				if {$frame_da_saltare<15} {
# 					set i [expr {$i + 32}]
# 					set frame_da_saltare [expr {$frame_da_saltare + 1}]
# 					#puts "qui $frame_da_saltare"
# 
# 				} else {
# 					#append bram "word "
# 					append bram 00000000 
# 					#append bram " "
# 					#append bram " salto"
# 					append bram [format %X $frame_da_saltare] 
# 					#append bram " "
# 					
# 					
# 					set frame_da_saltare -1
# 					#puts $i
# 					#puts $frame_da_saltare
# 				}
# 			}
# 			#se non ho scritto l' ultimo salto
# 			if {$frame_da_saltare!=0} {
# 				#append bram "word "
# 				append bram 00000000 
# 				#append bram " "
# 				#append bram " salto"
# 				append bram [format %X $frame_da_saltare] 
# 				#append bram $frame_da_saltare
# 				#append bram " "
# 				set frame_da_saltare -1
# 			}
# 			#puts $i
# 			set i 0
# 			append bram "               "
# 	}
# 	#puts $bram
# 	#set bram [swap_half_word $bram]
# 	#puts $bram
# 	close $file
# 	set bram [string map {" " ""} $bram]
# 	set bram [get_parity $bram]
# 	puts $bram
# 	puts "lunghezza [string length $bram]"
# 	set f "/home/saverio/Scrivania/tesi/script/bram/test.mem"
# 	set fileId [open $f w]
# 	puts $fileId "@00000000"
# 	#scrivo i dati a word di 32 bit altrimenti il file .mem non li riconosce
# 	for {set x 0} {$x<[string length $bram]-8} {incr x 9} {
# 		
# 		puts $fileId [string range $bram $x $x+8]
# 	}
# 	set l_s [string range $bram $x end]
# 	#aggiungo zeri per far si di avere una word da 32
# 	#for {set x [string length $l_s]} {$x<9} {incr x } {
# 	#	append l_s 0
# 	#}
# 	puts $fileId $l_s
# 	close $fileId
# 	
# }
# proc search_for_frame {filename} {
#  [searchinfile $filename "c_r/out_reg"]
#  #[get_parity "FFFFFFFFA"]
# }
# proc get_parity {byte_string} {
# 	set par "0"
# 	set word "0"
# 	set parmask 800000000
# 	set bytemask 7F8000000
# 	set data ""
# 	for {set i 0} {$i<[expr [string length $byte_string]]} {incr i 9} {
# 		puts $i
# 		set byte [string range $byte_string $i $i+8]
# 		puts "byte $byte"
# 		for {set x 0} {$x<4} {incr x} {
# 		set par [expr $par |  [string range [format %X [expr [expr 0x$byte & [expr 0x$parmask>>$x*9]] <<9*$x+1+(3-$x)  ] ] 0 0]]
# 		puts "par $par"
# 		#puts [format %X [expr 0x$parmask>>$x*9]]
# 		#puts [format %X [expr [expr 0x$byte_string & [expr 0x$parmask>>$x*9]] << 9*$x+1+$x]]
# 		#puts [string range [format %X [expr [expr 0x$byte_string & [expr 0x$parmask>>$x*9]] << 9*$x+1+$x]] 0 0] 
# 		
# 			set word [expr $word | [expr 0x$byte & [expr 0x$bytemask >>$x*9]]>>3-$x ]
# 		
# 		
# 		puts "word [format %X  $word ]"
# 		}
# 		#set par [format %b $par]
# 		set par [format %X $par]
# 		set word [format %X  $word ] 
# 		while {[string length $word]<8} {
# 			set word "0$word"
# 		}
# 		
# 		append par $word
# 		puts "word modificata con parità $par"
# 		append data $par
# 		set par "0"
# 		set word "0"
# 	}
# 	return $data
# 	
# }
search_for_frame /home/saverio/Scrivania/codice_tesi/gestore_checkpoint/gestore_checkpoint.runs/impl_1/gestore_checkpoint.ll 
c_r/out_reg
0
byte 00040019f
par 0
word 0
par 0
word 100000
par 0
word 100000
par 1
word 10009F
word modificata con parità 10010009F
9
byte 00000000F
par 0
word 0
par 0
word 0
par 0
word 0
par 0
word F
word modificata con parità 00000000F
18
byte 00000000C
par 0
word 0
par 0
word 0
par 0
word 0
par 0
word C
word modificata con parità 00000000C
27
byte 100000080
par 0
word 20000000
par 0
word 20000000
par 0
word 20000000
par 0
word 20000080
word modificata con parità 020000080
36
byte 040000020
par 0
word 8000000
par 0
word 8000000
par 0
word 8000000
par 0
word 8000020
word modificata con parità 008000020
45
byte 100000080
par 0
word 20000000
par 0
word 20000000
par 0
word 20000000
par 0
word 20000080
word modificata con parità 020000080
54
byte 040000020
par 0
word 8000000
par 0
word 8000000
par 0
word 8000000
par 0
word 8000020
word modificata con parità 008000020
63
byte 100000080
par 0
word 20000000
par 0
word 20000000
par 0
word 20000000
par 0
word 20000080
word modificata con parità 020000080
72
byte 040000020
par 0
word 8000000
par 0
word 8000000
par 0
word 8000000
par 0
word 8000020
word modificata con parità 008000020
81
byte 100000080
par 0
word 20000000
par 0
word 20000000
par 0
word 20000000
par 0
word 20000080
word modificata con parità 020000080
90
byte 040000020
par 0
word 8000000
par 0
word 8000000
par 0
word 8000000
par 0
word 8000020
word modificata con parità 008000020
99
byte 100000080
par 0
word 20000000
par 0
word 20000000
par 0
word 20000000
par 0
word 20000080
word modificata con parità 020000080
108
byte 040000020
par 0
word 8000000
par 0
word 8000000
par 0
word 8000000
par 0
word 8000020
word modificata con parità 008000020
117
byte 100000080
par 0
word 20000000
par 0
word 20000000
par 0
word 20000000
par 0
word 20000080
word modificata con parità 020000080
126
byte 00000000F
par 0
word 0
par 0
word 0
par 0
word 0
par 0
word F
word modificata con parità 00000000F
135
byte 00000000F
par 0
word 0
par 0
word 0
par 0
word 0
par 0
word F
word modificata con parità 00000000F
144
byte 00000000F
par 0
word 0
par 0
word 0
par 0
word 0
par 0
word F
word modificata con parità 00000000F
153
byte 00000000C
par 0
word 0
par 0
word 0
par 0
word 0
par 0
word C
word modificata con parità 00000000C
10010009F00000000F00000000C02000008000800002002000008000800002002000008000800002002000008000800002002000008000800002002000008000000000F00000000F00000000F00000000C
lunghezza 162
[{}]
data2mem -bm /home/saverio/Scrivania/tesi/script/bram/bram.bmm -bd /home/saverio/Scrivania/tesi/script/bram/test.mem -bt /home/saverio/Scrivania/codice_tesi/gestore_checkpoint/gestore_checkpoint.runs/impl_1/gestore_checkpoint.bit -o b /home/saverio/checkpoint.bit
WARNING: [Common 17-259] Unknown Tcl command 'data2mem -bm /home/saverio/Scrivania/tesi/script/bram/bram.bmm -bd /home/saverio/Scrivania/tesi/script/bram/test.mem -bt /home/saverio/Scrivania/codice_tesi/gestore_checkpoint/gestore_checkpoint.runs/impl_1/gestore_checkpoint.bit -o b /home/saverio/checkpoint.bit' sending command to the OS shell for execution. It is recommended to use 'exec' to send the command to the OS shell.
search_for_frame /home/saverio/Scrivania/codice_tesi/gestore_checkpoint/gestore_checkpoint.runs/impl_1/gestore_checkpoint.ll
c_r/out_reg
0
byte 00040019f
par 0
word 0
par 0
word 100000
par 0
word 100000
par 1
word 10009F
word modificata con parità 10010009F
9
byte 00000000F
par 0
word 0
par 0
word 0
par 0
word 0
par 0
word F
word modificata con parità 00000000F
18
byte 000000000
par 0
word 0
par 0
word 0
par 0
word 0
par 0
word 0
word modificata con parità 000000000
27
byte 100000080
par 0
word 20000000
par 0
word 20000000
par 0
word 20000000
par 0
word 20000080
word modificata con parità 020000080
36
byte 040000020
par 0
word 8000000
par 0
word 8000000
par 0
word 8000000
par 0
word 8000020
word modificata con parità 008000020
45
byte 100000080
par 0
word 20000000
par 0
word 20000000
par 0
word 20000000
par 0
word 20000080
word modificata con parità 020000080
54
byte 040000020
par 0
word 8000000
par 0
word 8000000
par 0
word 8000000
par 0
word 8000020
word modificata con parità 008000020
63
byte 100000080
par 0
word 20000000
par 0
word 20000000
par 0
word 20000000
par 0
word 20000080
word modificata con parità 020000080
72
byte 040000020
par 0
word 8000000
par 0
word 8000000
par 0
word 8000000
par 0
word 8000020
word modificata con parità 008000020
81
byte 100000080
par 0
word 20000000
par 0
word 20000000
par 0
word 20000000
par 0
word 20000080
word modificata con parità 020000080
90
byte 040000020
par 0
word 8000000
par 0
word 8000000
par 0
word 8000000
par 0
word 8000020
word modificata con parità 008000020
99
byte 100000080
par 0
word 20000000
par 0
word 20000000
par 0
word 20000000
par 0
word 20000080
word modificata con parità 020000080
108
byte 040000020
par 0
word 8000000
par 0
word 8000000
par 0
word 8000000
par 0
word 8000020
word modificata con parità 008000020
117
byte 100000080
par 0
word 20000000
par 0
word 20000000
par 0
word 20000000
par 0
word 20000080
word modificata con parità 020000080
126
byte 00000000F
par 0
word 0
par 0
word 0
par 0
word 0
par 0
word F
word modificata con parità 00000000F
135
byte 00000000F
par 0
word 0
par 0
word 0
par 0
word 0
par 0
word F
word modificata con parità 00000000F
144
byte 00000000F
par 0
word 0
par 0
word 0
par 0
word 0
par 0
word F
word modificata con parità 00000000F
153
byte 00000000F
par 0
word 0
par 0
word 0
par 0
word 0
par 0
word F
word modificata con parità 00000000F
162
byte 000000008
par 0
word 0
par 0
word 0
par 0
word 0
par 0
word 8
word modificata con parità 000000008
10010009F00000000F00000000002000008000800002002000008000800002002000008000800002002000008000800002002000008000800002002000008000000000F00000000F00000000F00000000F000000008
lunghezza 171
[{}]
data2mem -bm /home/saverio/Scrivania/tesi/script/bram/bram.bmm -bd /home/saverio/Scrivania/tesi/script/bram/test.mem -bt /home/saverio/Scrivania/codice_tesi/gestore_checkpoint/gestore_checkpoint.runs/impl_1/gestore_checkpoint.bit -o b /home/saverio/checkpoint.bit
WARNING: [Common 17-259] Unknown Tcl command 'data2mem -bm /home/saverio/Scrivania/tesi/script/bram/bram.bmm -bd /home/saverio/Scrivania/tesi/script/bram/test.mem -bt /home/saverio/Scrivania/codice_tesi/gestore_checkpoint/gestore_checkpoint.runs/impl_1/gestore_checkpoint.bit -o b /home/saverio/checkpoint.bit' sending command to the OS shell for execution. It is recommended to use 'exec' to send the command to the OS shell.
search_for_frame /home/saverio/Scrivania/codice_tesi/gestore_checkpoint/gestore_checkpoint.runs/impl_1/gestore_checkpoint.ll
c_r/out_reg
0
byte 00040011f
par 0
word 0
par 0
word 100000
par 0
word 100000
par 1
word 10001F
word modificata con parità 10010001F
9
byte 00000000F
par 0
word 0
par 0
word 0
par 0
word 0
par 0
word F
word modificata con parità 00000000F
18
byte 000000004
par 0
word 0
par 0
word 0
par 0
word 0
par 0
word 4
word modificata con parità 000000004
27
byte 100000080
par 0
word 20000000
par 0
word 20000000
par 0
word 20000000
par 0
word 20000080
word modificata con parità 020000080
36
byte 040000020
par 0
word 8000000
par 0
word 8000000
par 0
word 8000000
par 0
word 8000020
word modificata con parità 008000020
45
byte 100000080
par 0
word 20000000
par 0
word 20000000
par 0
word 20000000
par 0
word 20000080
word modificata con parità 020000080
54
byte 040000020
par 0
word 8000000
par 0
word 8000000
par 0
word 8000000
par 0
word 8000020
word modificata con parità 008000020
63
byte 100000080
par 0
word 20000000
par 0
word 20000000
par 0
word 20000000
par 0
word 20000080
word modificata con parità 020000080
72
byte 040000020
par 0
word 8000000
par 0
word 8000000
par 0
word 8000000
par 0
word 8000020
word modificata con parità 008000020
81
byte 100000080
par 0
word 20000000
par 0
word 20000000
par 0
word 20000000
par 0
word 20000080
word modificata con parità 020000080
90
byte 040000020
par 0
word 8000000
par 0
word 8000000
par 0
word 8000000
par 0
word 8000020
word modificata con parità 008000020
99
byte 100000080
par 0
word 20000000
par 0
word 20000000
par 0
word 20000000
par 0
word 20000080
word modificata con parità 020000080
108
byte 040000020
par 0
word 8000000
par 0
word 8000000
par 0
word 8000000
par 0
word 8000020
word modificata con parità 008000020
117
byte 100000080
par 0
word 20000000
par 0
word 20000000
par 0
word 20000000
par 0
word 20000080
word modificata con parità 020000080
126
byte 00000000F
par 0
word 0
par 0
word 0
par 0
word 0
par 0
word F
word modificata con parità 00000000F
135
byte 00000000F
par 0
word 0
par 0
word 0
par 0
word 0
par 0
word F
word modificata con parità 00000000F
144
byte 00000000F
par 0
word 0
par 0
word 0
par 0
word 0
par 0
word F
word modificata con parità 00000000F
153
byte 00000000F
par 0
word 0
par 0
word 0
par 0
word 0
par 0
word F
word modificata con parità 00000000F
162
byte 000000004
par 0
word 0
par 0
word 0
par 0
word 0
par 0
word 4
word modificata con parità 000000004
10010001F00000000F00000000402000008000800002002000008000800002002000008000800002002000008000800002002000008000800002002000008000000000F00000000F00000000F00000000F000000004
lunghezza 171
[{}]
data2mem -bm /home/saverio/Scrivania/tesi/script/bram/bram.bmm -bd /home/saverio/Scrivania/tesi/script/bram/test.mem -bt /home/saverio/Scrivania/codice_tesi/gestore_checkpoint/gestore_checkpoint.runs/impl_1/gestore_checkpoint.bit -o b /home/saverio/checkpoint.bit
WARNING: [Common 17-259] Unknown Tcl command 'data2mem -bm /home/saverio/Scrivania/tesi/script/bram/bram.bmm -bd /home/saverio/Scrivania/tesi/script/bram/test.mem -bt /home/saverio/Scrivania/codice_tesi/gestore_checkpoint/gestore_checkpoint.runs/impl_1/gestore_checkpoint.bit -o b /home/saverio/checkpoint.bit' sending command to the OS shell for execution. It is recommended to use 'exec' to send the command to the OS shell.
search_for_frame /home/saverio/Scrivania/codice_tesi/gestore_checkpoint/gestore_checkpoint.runs/impl_1/gestore_checkpoint.ll
c_r/out_reg
0
byte 00040019f
par 0
word 0
par 0
word 100000
par 0
word 100000
par 1
word 10009F
word modificata con parità 10010009F
9
byte 00000000F
par 0
word 0
par 0
word 0
par 0
word 0
par 0
word F
word modificata con parità 00000000F
18
byte 000000006
par 0
word 0
par 0
word 0
par 0
word 0
par 0
word 6
word modificata con parità 000000006
27
byte 100000080
par 0
word 20000000
par 0
word 20000000
par 0
word 20000000
par 0
word 20000080
word modificata con parità 020000080
36
byte 040000020
par 0
word 8000000
par 0
word 8000000
par 0
word 8000000
par 0
word 8000020
word modificata con parità 008000020
45
byte 100000080
par 0
word 20000000
par 0
word 20000000
par 0
word 20000000
par 0
word 20000080
word modificata con parità 020000080
54
byte 040000020
par 0
word 8000000
par 0
word 8000000
par 0
word 8000000
par 0
word 8000020
word modificata con parità 008000020
63
byte 100000080
par 0
word 20000000
par 0
word 20000000
par 0
word 20000000
par 0
word 20000080
word modificata con parità 020000080
72
byte 040000020
par 0
word 8000000
par 0
word 8000000
par 0
word 8000000
par 0
word 8000020
word modificata con parità 008000020
81
byte 100000080
par 0
word 20000000
par 0
word 20000000
par 0
word 20000000
par 0
word 20000080
word modificata con parità 020000080
90
byte 040000020
par 0
word 8000000
par 0
word 8000000
par 0
word 8000000
par 0
word 8000020
word modificata con parità 008000020
99
byte 100000080
par 0
word 20000000
par 0
word 20000000
par 0
word 20000000
par 0
word 20000080
word modificata con parità 020000080
108
byte 040000020
par 0
word 8000000
par 0
word 8000000
par 0
word 8000000
par 0
word 8000020
word modificata con parità 008000020
117
byte 100000080
par 0
word 20000000
par 0
word 20000000
par 0
word 20000000
par 0
word 20000080
word modificata con parità 020000080
126
byte 00000000F
par 0
word 0
par 0
word 0
par 0
word 0
par 0
word F
word modificata con parità 00000000F
135
byte 00000000F
par 0
word 0
par 0
word 0
par 0
word 0
par 0
word F
word modificata con parità 00000000F
144
byte 00000000F
par 0
word 0
par 0
word 0
par 0
word 0
par 0
word F
word modificata con parità 00000000F
153
byte 00000000F
par 0
word 0
par 0
word 0
par 0
word 0
par 0
word F
word modificata con parità 00000000F
162
byte 000000002
par 0
word 0
par 0
word 0
par 0
word 0
par 0
word 2
word modificata con parità 000000002
10010009F00000000F00000000602000008000800002002000008000800002002000008000800002002000008000800002002000008000800002002000008000000000F00000000F00000000F00000000F000000002
lunghezza 171
[{}]
data2mem -bm /home/saverio/Scrivania/tesi/script/bram/bram.bmm -bd /home/saverio/Scrivania/tesi/script/bram/test.mem -bt /home/saverio/Scrivania/codice_tesi/gestore_checkpoint/gestore_checkpoint.runs/impl_1/gestore_checkpoint.bit -o b /home/saverio/checkpoint.bit
WARNING: [Common 17-259] Unknown Tcl command 'data2mem -bm /home/saverio/Scrivania/tesi/script/bram/bram.bmm -bd /home/saverio/Scrivania/tesi/script/bram/test.mem -bt /home/saverio/Scrivania/codice_tesi/gestore_checkpoint/gestore_checkpoint.runs/impl_1/gestore_checkpoint.bit -o b /home/saverio/checkpoint.bit' sending command to the OS shell for execution. It is recommended to use 'exec' to send the command to the OS shell.
search_for_frame /home/saverio/Scrivania/codice_tesi/gestore_checkpoint/gestore_checkpoint.runs/impl_1/gestore_checkpoint.ll
c_r/out_reg
0
byte 00040011f
par 0
word 0
par 0
word 100000
par 0
word 100000
par 1
word 10001F
word modificata con parità 10010001F
9
byte 00000000F
par 0
word 0
par 0
word 0
par 0
word 0
par 0
word F
word modificata con parità 00000000F
18
byte 000000006
par 0
word 0
par 0
word 0
par 0
word 0
par 0
word 6
word modificata con parità 000000006
27
byte 100000080
par 0
word 20000000
par 0
word 20000000
par 0
word 20000000
par 0
word 20000080
word modificata con parità 020000080
36
byte 040000020
par 0
word 8000000
par 0
word 8000000
par 0
word 8000000
par 0
word 8000020
word modificata con parità 008000020
45
byte 100000080
par 0
word 20000000
par 0
word 20000000
par 0
word 20000000
par 0
word 20000080
word modificata con parità 020000080
54
byte 040000020
par 0
word 8000000
par 0
word 8000000
par 0
word 8000000
par 0
word 8000020
word modificata con parità 008000020
63
byte 100000080
par 0
word 20000000
par 0
word 20000000
par 0
word 20000000
par 0
word 20000080
word modificata con parità 020000080
72
byte 040000020
par 0
word 8000000
par 0
word 8000000
par 0
word 8000000
par 0
word 8000020
word modificata con parità 008000020
81
byte 100000080
par 0
word 20000000
par 0
word 20000000
par 0
word 20000000
par 0
word 20000080
word modificata con parità 020000080
90
byte 040000020
par 0
word 8000000
par 0
word 8000000
par 0
word 8000000
par 0
word 8000020
word modificata con parità 008000020
99
byte 100000080
par 0
word 20000000
par 0
word 20000000
par 0
word 20000000
par 0
word 20000080
word modificata con parità 020000080
108
byte 040000020
par 0
word 8000000
par 0
word 8000000
par 0
word 8000000
par 0
word 8000020
word modificata con parità 008000020
117
byte 100000080
par 0
word 20000000
par 0
word 20000000
par 0
word 20000000
par 0
word 20000080
word modificata con parità 020000080
126
byte 00000000F
par 0
word 0
par 0
word 0
par 0
word 0
par 0
word F
word modificata con parità 00000000F
135
byte 00000000F
par 0
word 0
par 0
word 0
par 0
word 0
par 0
word F
word modificata con parità 00000000F
144
byte 00000000F
par 0
word 0
par 0
word 0
par 0
word 0
par 0
word F
word modificata con parità 00000000F
153
byte 00000000F
par 0
word 0
par 0
word 0
par 0
word 0
par 0
word F
word modificata con parità 00000000F
162
byte 000000002
par 0
word 0
par 0
word 0
par 0
word 0
par 0
word 2
word modificata con parità 000000002
10010001F00000000F00000000602000008000800002002000008000800002002000008000800002002000008000800002002000008000800002002000008000000000F00000000F00000000F00000000F000000002
lunghezza 171
[{}]
data2mem -bm /home/saverio/Scrivania/tesi/script/bram/bram.bmm -bd /home/saverio/Scrivania/tesi/script/bram/test.mem -bt /home/saverio/Scrivania/codice_tesi/gestore_checkpoint/gestore_checkpoint.runs/impl_1/gestore_checkpoint.bit -o b /home/saverio/checkpoint.bit
WARNING: [Common 17-259] Unknown Tcl command 'data2mem -bm /home/saverio/Scrivania/tesi/script/bram/bram.bmm -bd /home/saverio/Scrivania/tesi/script/bram/test.mem -bt /home/saverio/Scrivania/codice_tesi/gestore_checkpoint/gestore_checkpoint.runs/impl_1/gestore_checkpoint.bit -o b /home/saverio/checkpoint.bit' sending command to the OS shell for execution. It is recommended to use 'exec' to send the command to the OS shell.
search_for_frame /home/saverio/Scrivania/codice_tesi/gestore_checkpoint/gestore_checkpoint.runs/impl_1/gestore_checkpoint.ll
c_r/out_reg
0
byte 00040011f
par 0
word 0
par 0
word 100000
par 0
word 100000
par 1
word 10001F
word modificata con parità 10010001F
9
byte 00000000F
par 0
word 0
par 0
word 0
par 0
word 0
par 0
word F
word modificata con parità 00000000F
18
byte 000000008
par 0
word 0
par 0
word 0
par 0
word 0
par 0
word 8
word modificata con parità 000000008
27
byte 100000080
par 0
word 20000000
par 0
word 20000000
par 0
word 20000000
par 0
word 20000080
word modificata con parità 020000080
36
byte 040000020
par 0
word 8000000
par 0
word 8000000
par 0
word 8000000
par 0
word 8000020
word modificata con parità 008000020
45
byte 100000080
par 0
word 20000000
par 0
word 20000000
par 0
word 20000000
par 0
word 20000080
word modificata con parità 020000080
54
byte 040000020
par 0
word 8000000
par 0
word 8000000
par 0
word 8000000
par 0
word 8000020
word modificata con parità 008000020
63
byte 100000080
par 0
word 20000000
par 0
word 20000000
par 0
word 20000000
par 0
word 20000080
word modificata con parità 020000080
72
byte 040000020
par 0
word 8000000
par 0
word 8000000
par 0
word 8000000
par 0
word 8000020
word modificata con parità 008000020
81
byte 100000080
par 0
word 20000000
par 0
word 20000000
par 0
word 20000000
par 0
word 20000080
word modificata con parità 020000080
90
byte 040000020
par 0
word 8000000
par 0
word 8000000
par 0
word 8000000
par 0
word 8000020
word modificata con parità 008000020
99
byte 100000080
par 0
word 20000000
par 0
word 20000000
par 0
word 20000000
par 0
word 20000080
word modificata con parità 020000080
108
byte 040000020
par 0
word 8000000
par 0
word 8000000
par 0
word 8000000
par 0
word 8000020
word modificata con parità 008000020
117
byte 100000080
par 0
word 20000000
par 0
word 20000000
par 0
word 20000000
par 0
word 20000080
word modificata con parità 020000080
126
byte 00000000F
par 0
word 0
par 0
word 0
par 0
word 0
par 0
word F
word modificata con parità 00000000F
135
byte 00000000F
par 0
word 0
par 0
word 0
par 0
word 0
par 0
word F
word modificata con parità 00000000F
144
byte 00000000F
par 0
word 0
par 0
word 0
par 0
word 0
par 0
word F
word modificata con parità 00000000F
153
byte 00000000F
par 0
word 0
par 0
word 0
par 0
word 0
par 0
word F
word modificata con parità 00000000F
10010001F00000000F00000000802000008000800002002000008000800002002000008000800002002000008000800002002000008000800002002000008000000000F00000000F00000000F00000000F
lunghezza 162
[{}]
data2mem -bm /home/saverio/Scrivania/tesi/script/bram/bram.bmm -bd /home/saverio/Scrivania/tesi/script/bram/test.mem -bt /home/saverio/Scrivania/codice_tesi/gestore_checkpoint/gestore_checkpoint.runs/impl_1/gestore_checkpoint.bit -o b /home/saverio/checkpoint.bit
WARNING: [Common 17-259] Unknown Tcl command 'data2mem -bm /home/saverio/Scrivania/tesi/script/bram/bram.bmm -bd /home/saverio/Scrivania/tesi/script/bram/test.mem -bt /home/saverio/Scrivania/codice_tesi/gestore_checkpoint/gestore_checkpoint.runs/impl_1/gestore_checkpoint.bit -o b /home/saverio/checkpoint.bit' sending command to the OS shell for execution. It is recommended to use 'exec' to send the command to the OS shell.
search_for_frame /home/saverio/Scrivania/codice_tesi/gestore_checkpoint/gestore_checkpoint.runs/impl_1/gestore_checkpoint.ll
c_r/out_reg
0
byte 00040019f
par 0
word 0
par 0
word 100000
par 0
word 100000
par 1
word 10009F
word modificata con parità 10010009F
9
byte 00000000F
par 0
word 0
par 0
word 0
par 0
word 0
par 0
word F
word modificata con parità 00000000F
18
byte 00000000A
par 0
word 0
par 0
word 0
par 0
word 0
par 0
word A
word modificata con parità 00000000A
27
byte 100000080
par 0
word 20000000
par 0
word 20000000
par 0
word 20000000
par 0
word 20000080
word modificata con parità 020000080
36
byte 040000020
par 0
word 8000000
par 0
word 8000000
par 0
word 8000000
par 0
word 8000020
word modificata con parità 008000020
45
byte 100000080
par 0
word 20000000
par 0
word 20000000
par 0
word 20000000
par 0
word 20000080
word modificata con parità 020000080
54
byte 040000020
par 0
word 8000000
par 0
word 8000000
par 0
word 8000000
par 0
word 8000020
word modificata con parità 008000020
63
byte 100000080
par 0
word 20000000
par 0
word 20000000
par 0
word 20000000
par 0
word 20000080
word modificata con parità 020000080
72
byte 040000020
par 0
word 8000000
par 0
word 8000000
par 0
word 8000000
par 0
word 8000020
word modificata con parità 008000020
81
byte 100000080
par 0
word 20000000
par 0
word 20000000
par 0
word 20000000
par 0
word 20000080
word modificata con parità 020000080
90
byte 040000020
par 0
word 8000000
par 0
word 8000000
par 0
word 8000000
par 0
word 8000020
word modificata con parità 008000020
99
byte 100000080
par 0
word 20000000
par 0
word 20000000
par 0
word 20000000
par 0
word 20000080
word modificata con parità 020000080
108
byte 040000020
par 0
word 8000000
par 0
word 8000000
par 0
word 8000000
par 0
word 8000020
word modificata con parità 008000020
117
byte 100000080
par 0
word 20000000
par 0
word 20000000
par 0
word 20000000
par 0
word 20000080
word modificata con parità 020000080
126
byte 00000000F
par 0
word 0
par 0
word 0
par 0
word 0
par 0
word F
word modificata con parità 00000000F
135
byte 00000000F
par 0
word 0
par 0
word 0
par 0
word 0
par 0
word F
word modificata con parità 00000000F
144
byte 00000000F
par 0
word 0
par 0
word 0
par 0
word 0
par 0
word F
word modificata con parità 00000000F
153
byte 00000000E
par 0
word 0
par 0
word 0
par 0
word 0
par 0
word E
word modificata con parità 00000000E
10010009F00000000F00000000A02000008000800002002000008000800002002000008000800002002000008000800002002000008000800002002000008000000000F00000000F00000000F00000000E
lunghezza 162
[{}]
data2mem -bm /home/saverio/Scrivania/tesi/script/bram/bram.bmm -bd /home/saverio/Scrivania/tesi/script/bram/test.mem -bt /home/saverio/Scrivania/codice_tesi/gestore_checkpoint/gestore_checkpoint.runs/impl_1/gestore_checkpoint.bit -o b /home/saverio/checkpoint.bit
WARNING: [Common 17-259] Unknown Tcl command 'data2mem -bm /home/saverio/Scrivania/tesi/script/bram/bram.bmm -bd /home/saverio/Scrivania/tesi/script/bram/test.mem -bt /home/saverio/Scrivania/codice_tesi/gestore_checkpoint/gestore_checkpoint.runs/impl_1/gestore_checkpoint.bit -o b /home/saverio/checkpoint.bit' sending command to the OS shell for execution. It is recommended to use 'exec' to send the command to the OS shell.
search_for_frame /home/saverio/Scrivania/codice_tesi/gestore_checkpoint/gestore_checkpoint.runs/impl_1/gestore_checkpoint.ll
c_r/out_reg
0
byte 00040011f
par 0
word 0
par 0
word 100000
par 0
word 100000
par 1
word 10001F
word modificata con parità 10010001F
9
byte 00000000F
par 0
word 0
par 0
word 0
par 0
word 0
par 0
word F
word modificata con parità 00000000F
18
byte 000000008
par 0
word 0
par 0
word 0
par 0
word 0
par 0
word 8
word modificata con parità 000000008
27
byte 100000080
par 0
word 20000000
par 0
word 20000000
par 0
word 20000000
par 0
word 20000080
word modificata con parità 020000080
36
byte 040000020
par 0
word 8000000
par 0
word 8000000
par 0
word 8000000
par 0
word 8000020
word modificata con parità 008000020
45
byte 100000080
par 0
word 20000000
par 0
word 20000000
par 0
word 20000000
par 0
word 20000080
word modificata con parità 020000080
54
byte 040000020
par 0
word 8000000
par 0
word 8000000
par 0
word 8000000
par 0
word 8000020
word modificata con parità 008000020
63
byte 100000080
par 0
word 20000000
par 0
word 20000000
par 0
word 20000000
par 0
word 20000080
word modificata con parità 020000080
72
byte 040000020
par 0
word 8000000
par 0
word 8000000
par 0
word 8000000
par 0
word 8000020
word modificata con parità 008000020
81
byte 100000080
par 0
word 20000000
par 0
word 20000000
par 0
word 20000000
par 0
word 20000080
word modificata con parità 020000080
90
byte 040000020
par 0
word 8000000
par 0
word 8000000
par 0
word 8000000
par 0
word 8000020
word modificata con parità 008000020
99
byte 100000080
par 0
word 20000000
par 0
word 20000000
par 0
word 20000000
par 0
word 20000080
word modificata con parità 020000080
108
byte 040000020
par 0
word 8000000
par 0
word 8000000
par 0
word 8000000
par 0
word 8000020
word modificata con parità 008000020
117
byte 100000080
par 0
word 20000000
par 0
word 20000000
par 0
word 20000000
par 0
word 20000080
word modificata con parità 020000080
126
byte 00000000F
par 0
word 0
par 0
word 0
par 0
word 0
par 0
word F
word modificata con parità 00000000F
135
byte 00000000F
par 0
word 0
par 0
word 0
par 0
word 0
par 0
word F
word modificata con parità 00000000F
144
byte 00000000F
par 0
word 0
par 0
word 0
par 0
word 0
par 0
word F
word modificata con parità 00000000F
153
byte 00000000F
par 0
word 0
par 0
word 0
par 0
word 0
par 0
word F
word modificata con parità 00000000F
10010001F00000000F00000000802000008000800002002000008000800002002000008000800002002000008000800002002000008000800002002000008000000000F00000000F00000000F00000000F
lunghezza 162
[{}]
search_for_frame /home/saverio/Scrivania/codice_tesi/gestore_checkpoint/gestore_checkpoint.runs/impl_1/gestore_checkpoint.ll
c_r/out_reg
0
byte 00040011f
par 0
word 0
par 0
word 100000
par 0
word 100000
par 1
word 10001F
word modificata con parità 10010001F
9
byte 00000000F
par 0
word 0
par 0
word 0
par 0
word 0
par 0
word F
word modificata con parità 00000000F
18
byte 000000008
par 0
word 0
par 0
word 0
par 0
word 0
par 0
word 8
word modificata con parità 000000008
27
byte 100000080
par 0
word 20000000
par 0
word 20000000
par 0
word 20000000
par 0
word 20000080
word modificata con parità 020000080
36
byte 040000020
par 0
word 8000000
par 0
word 8000000
par 0
word 8000000
par 0
word 8000020
word modificata con parità 008000020
45
byte 100000080
par 0
word 20000000
par 0
word 20000000
par 0
word 20000000
par 0
word 20000080
word modificata con parità 020000080
54
byte 040000020
par 0
word 8000000
par 0
word 8000000
par 0
word 8000000
par 0
word 8000020
word modificata con parità 008000020
63
byte 100000080
par 0
word 20000000
par 0
word 20000000
par 0
word 20000000
par 0
word 20000080
word modificata con parità 020000080
72
byte 040000020
par 0
word 8000000
par 0
word 8000000
par 0
word 8000000
par 0
word 8000020
word modificata con parità 008000020
81
byte 100000080
par 0
word 20000000
par 0
word 20000000
par 0
word 20000000
par 0
word 20000080
word modificata con parità 020000080
90
byte 040000020
par 0
word 8000000
par 0
word 8000000
par 0
word 8000000
par 0
word 8000020
word modificata con parità 008000020
99
byte 100000080
par 0
word 20000000
par 0
word 20000000
par 0
word 20000000
par 0
word 20000080
word modificata con parità 020000080
108
byte 040000020
par 0
word 8000000
par 0
word 8000000
par 0
word 8000000
par 0
word 8000020
word modificata con parità 008000020
117
byte 100000080
par 0
word 20000000
par 0
word 20000000
par 0
word 20000000
par 0
word 20000080
word modificata con parità 020000080
126
byte 00000000F
par 0
word 0
par 0
word 0
par 0
word 0
par 0
word F
word modificata con parità 00000000F
135
byte 00000000F
par 0
word 0
par 0
word 0
par 0
word 0
par 0
word F
word modificata con parità 00000000F
144
byte 00000000F
par 0
word 0
par 0
word 0
par 0
word 0
par 0
word F
word modificata con parità 00000000F
153
byte 00000000F
par 0
word 0
par 0
word 0
par 0
word 0
par 0
word F
word modificata con parità 00000000F
10010001F00000000F00000000802000008000800002002000008000800002002000008000800002002000008000800002002000008000800002002000008000000000F00000000F00000000F00000000F
lunghezza 162
[{}]
search_for_frame /home/saverio/Scrivania/codice_tesi/gestore_checkpoint/gestore_checkpoint.runs/impl_1/gestore_checkpoint.ll
c_r/out_reg
0
byte 00040011f
par 0
word 0
par 0
word 100000
par 0
word 100000
par 1
word 10001F
word modificata con parità 10010001F
9
byte 00000000F
par 0
word 0
par 0
word 0
par 0
word 0
par 0
word F
word modificata con parità 00000000F
18
byte 000000008
par 0
word 0
par 0
word 0
par 0
word 0
par 0
word 8
word modificata con parità 000000008
27
byte 100000080
par 0
word 20000000
par 0
word 20000000
par 0
word 20000000
par 0
word 20000080
word modificata con parità 020000080
36
byte 040000020
par 0
word 8000000
par 0
word 8000000
par 0
word 8000000
par 0
word 8000020
word modificata con parità 008000020
45
byte 100000080
par 0
word 20000000
par 0
word 20000000
par 0
word 20000000
par 0
word 20000080
word modificata con parità 020000080
54
byte 040000020
par 0
word 8000000
par 0
word 8000000
par 0
word 8000000
par 0
word 8000020
word modificata con parità 008000020
63
byte 100000080
par 0
word 20000000
par 0
word 20000000
par 0
word 20000000
par 0
word 20000080
word modificata con parità 020000080
72
byte 040000020
par 0
word 8000000
par 0
word 8000000
par 0
word 8000000
par 0
word 8000020
word modificata con parità 008000020
81
byte 100000080
par 0
word 20000000
par 0
word 20000000
par 0
word 20000000
par 0
word 20000080
word modificata con parità 020000080
90
byte 040000020
par 0
word 8000000
par 0
word 8000000
par 0
word 8000000
par 0
word 8000020
word modificata con parità 008000020
99
byte 100000080
par 0
word 20000000
par 0
word 20000000
par 0
word 20000000
par 0
word 20000080
word modificata con parità 020000080
108
byte 040000020
par 0
word 8000000
par 0
word 8000000
par 0
word 8000000
par 0
word 8000020
word modificata con parità 008000020
117
byte 100000080
par 0
word 20000000
par 0
word 20000000
par 0
word 20000000
par 0
word 20000080
word modificata con parità 020000080
126
byte 00000000F
par 0
word 0
par 0
word 0
par 0
word 0
par 0
word F
word modificata con parità 00000000F
135
byte 00000000F
par 0
word 0
par 0
word 0
par 0
word 0
par 0
word F
word modificata con parità 00000000F
144
byte 00000000F
par 0
word 0
par 0
word 0
par 0
word 0
par 0
word F
word modificata con parità 00000000F
153
byte 00000000F
par 0
word 0
par 0
word 0
par 0
word 0
par 0
word F
word modificata con parità 00000000F
10010001F00000000F00000000802000008000800002002000008000800002002000008000800002002000008000800002002000008000800002002000008000000000F00000000F00000000F00000000F
lunghezza 162
[{}]
data2mem -bm /home/saverio/Scrivania/tesi/script/bram/bram.bmm -bd /home/saverio/Scrivania/tesi/script/bram/test.mem -bt /home/saverio/Scrivania/codice_tesi/gestore_checkpoint/gestore_checkpoint.runs/impl_1/gestore_checkpoint.bit -o b /home/saverio/checkpoint.bit
WARNING: [Common 17-259] Unknown Tcl command 'data2mem -bm /home/saverio/Scrivania/tesi/script/bram/bram.bmm -bd /home/saverio/Scrivania/tesi/script/bram/test.mem -bt /home/saverio/Scrivania/codice_tesi/gestore_checkpoint/gestore_checkpoint.runs/impl_1/gestore_checkpoint.bit -o b /home/saverio/checkpoint.bit' sending command to the OS shell for execution. It is recommended to use 'exec' to send the command to the OS shell.
search_for_frame /home/saverio/Scrivania/codice_tesi/gestore_checkpoint/gestore_checkpoint.runs/impl_1/gestore_checkpoint.ll
c_r/out_reg
0
byte 00040019f
par 0
word 0
par 0
word 100000
par 0
word 100000
par 1
word 10009F
word modificata con parità 10010009F
9
byte 00000000F
par 0
word 0
par 0
word 0
par 0
word 0
par 0
word F
word modificata con parità 00000000F
18
byte 000000004
par 0
word 0
par 0
word 0
par 0
word 0
par 0
word 4
word modificata con parità 000000004
27
byte 100000080
par 0
word 20000000
par 0
word 20000000
par 0
word 20000000
par 0
word 20000080
word modificata con parità 020000080
36
byte 040000020
par 0
word 8000000
par 0
word 8000000
par 0
word 8000000
par 0
word 8000020
word modificata con parità 008000020
45
byte 100000080
par 0
word 20000000
par 0
word 20000000
par 0
word 20000000
par 0
word 20000080
word modificata con parità 020000080
54
byte 040000020
par 0
word 8000000
par 0
word 8000000
par 0
word 8000000
par 0
word 8000020
word modificata con parità 008000020
63
byte 100000080
par 0
word 20000000
par 0
word 20000000
par 0
word 20000000
par 0
word 20000080
word modificata con parità 020000080
72
byte 040000020
par 0
word 8000000
par 0
word 8000000
par 0
word 8000000
par 0
word 8000020
word modificata con parità 008000020
81
byte 100000080
par 0
word 20000000
par 0
word 20000000
par 0
word 20000000
par 0
word 20000080
word modificata con parità 020000080
90
byte 040000020
par 0
word 8000000
par 0
word 8000000
par 0
word 8000000
par 0
word 8000020
word modificata con parità 008000020
99
byte 100000080
par 0
word 20000000
par 0
word 20000000
par 0
word 20000000
par 0
word 20000080
word modificata con parità 020000080
108
byte 040000020
par 0
word 8000000
par 0
word 8000000
par 0
word 8000000
par 0
word 8000020
word modificata con parità 008000020
117
byte 100000080
par 0
word 20000000
par 0
word 20000000
par 0
word 20000000
par 0
word 20000080
word modificata con parità 020000080
126
byte 00000000F
par 0
word 0
par 0
word 0
par 0
word 0
par 0
word F
word modificata con parità 00000000F
135
byte 00000000F
par 0
word 0
par 0
word 0
par 0
word 0
par 0
word F
word modificata con parità 00000000F
144
byte 00000000F
par 0
word 0
par 0
word 0
par 0
word 0
par 0
word F
word modificata con parità 00000000F
153
byte 00000000F
par 0
word 0
par 0
word 0
par 0
word 0
par 0
word F
word modificata con parità 00000000F
162
byte 000000004
par 0
word 0
par 0
word 0
par 0
word 0
par 0
word 4
word modificata con parità 000000004
10010009F00000000F00000000402000008000800002002000008000800002002000008000800002002000008000800002002000008000800002002000008000000000F00000000F00000000F00000000F000000004
lunghezza 171
[{}]
data2mem -bm /home/saverio/Scrivania/tesi/script/bram/bram.bmm -bd /home/saverio/Scrivania/tesi/script/bram/test.mem -bt /home/saverio/Scrivania/codice_tesi/gestore_checkpoint/gestore_checkpoint.runs/impl_1/gestore_checkpoint.bit -o b /home/saverio/checkpoint.bit
WARNING: [Common 17-259] Unknown Tcl command 'data2mem -bm /home/saverio/Scrivania/tesi/script/bram/bram.bmm -bd /home/saverio/Scrivania/tesi/script/bram/test.mem -bt /home/saverio/Scrivania/codice_tesi/gestore_checkpoint/gestore_checkpoint.runs/impl_1/gestore_checkpoint.bit -o b /home/saverio/checkpoint.bit' sending command to the OS shell for execution. It is recommended to use 'exec' to send the command to the OS shell.
search_for_frame /home/saverio/Scrivania/codice_tesi/gestore_checkpoint/gestore_checkpoint.runs/impl_1/gestore_checkpoint.ll
c_r/out_reg
0
byte 00040011f
par 0
word 0
par 0
word 100000
par 0
word 100000
par 1
word 10001F
word modificata con parità 10010001F
9
byte 00000000F
par 0
word 0
par 0
word 0
par 0
word 0
par 0
word F
word modificata con parità 00000000F
18
byte 00000000A
par 0
word 0
par 0
word 0
par 0
word 0
par 0
word A
word modificata con parità 00000000A
27
byte 200000100
par 0
word 40000000
par 0
word 40000000
par 0
word 40000000
par 1
word 40000000
word modificata con parità 140000000
36
byte 080000040
par 0
word 10000000
par 0
word 10000000
par 0
word 10000000
par 0
word 10000040
word modificata con parità 010000040
45
byte 200000100
par 0
word 40000000
par 0
word 40000000
par 0
word 40000000
par 1
word 40000000
word modificata con parità 140000000
54
byte 080000040
par 0
word 10000000
par 0
word 10000000
par 0
word 10000000
par 0
word 10000040
word modificata con parità 010000040
63
byte 200000100
par 0
word 40000000
par 0
word 40000000
par 0
word 40000000
par 1
word 40000000
word modificata con parità 140000000
72
byte 080000040
par 0
word 10000000
par 0
word 10000000
par 0
word 10000000
par 0
word 10000040
word modificata con parità 010000040
81
byte 200000100
par 0
word 40000000
par 0
word 40000000
par 0
word 40000000
par 1
word 40000000
word modificata con parità 140000000
90
byte 080000040
par 0
word 10000000
par 0
word 10000000
par 0
word 10000000
par 0
word 10000040
word modificata con parità 010000040
99
byte 200000100
par 0
word 40000000
par 0
word 40000000
par 0
word 40000000
par 1
word 40000000
word modificata con parità 140000000
108
byte 080000040
par 0
word 10000000
par 0
word 10000000
par 0
word 10000000
par 0
word 10000040
word modificata con parità 010000040
117
byte 200000100
par 0
word 40000000
par 0
word 40000000
par 0
word 40000000
par 1
word 40000000
word modificata con parità 140000000
126
byte 00000000F
par 0
word 0
par 0
word 0
par 0
word 0
par 0
word F
word modificata con parità 00000000F
135
byte 00000000F
par 0
word 0
par 0
word 0
par 0
word 0
par 0
word F
word modificata con parità 00000000F
144
byte 00000000F
par 0
word 0
par 0
word 0
par 0
word 0
par 0
word F
word modificata con parità 00000000F
153
byte 00000000E
par 0
word 0
par 0
word 0
par 0
word 0
par 0
word E
word modificata con parità 00000000E
10010001F00000000F00000000A14000000001000004014000000001000004014000000001000004014000000001000004014000000001000004014000000000000000F00000000F00000000F00000000E
lunghezza 162
[{}]
data2mem -bm /home/saverio/Scrivania/tesi/script/bram/bram.bmm -bd /home/saverio/Scrivania/tesi/script/bram/test.mem -bt /home/saverio/Scrivania/codice_tesi/gestore_checkpoint/gestore_checkpoint.runs/impl_1/gestore_checkpoint.bit -o b /home/saverio/checkpoint.bit
WARNING: [Common 17-259] Unknown Tcl command 'data2mem -bm /home/saverio/Scrivania/tesi/script/bram/bram.bmm -bd /home/saverio/Scrivania/tesi/script/bram/test.mem -bt /home/saverio/Scrivania/codice_tesi/gestore_checkpoint/gestore_checkpoint.runs/impl_1/gestore_checkpoint.bit -o b /home/saverio/checkpoint.bit' sending command to the OS shell for execution. It is recommended to use 'exec' to send the command to the OS shell.
